
Showing logs for build [32mcb-kubecd-environment-pr-178-5-7m6vn-1[0m stage [32mfrom-build-pack[0m and container [32mstep-credential-initializer-zb9cz[0m
{"level":"warn","ts":1583872995.596356,"logger":"fallback-logger","caller":"logging/config.go:69","msg":"Fetch GitHub commit ID from kodata failed: \"ref: refs/heads/0.8.0-**-support-backwards-incompats\" is not a valid GitHub commit ID"}
{"level":"info","ts":1583872995.5971901,"logger":"fallback-logger","caller":"creds-init/main.go:40","msg":"Credentials initialized."}

Showing logs for build [32mcb-kubecd-environment-pr-178-5-7m6vn-1[0m stage [32mfrom-build-pack[0m and container [32mstep-working-dir-initializer-xw5r6[0m
{"level":"warn","ts":1583872996.1220458,"logger":"fallback-logger","caller":"logging/config.go:69","msg":"Fetch GitHub commit ID from kodata failed: open /var/run/ko/HEAD: no such file or directory"}
{"level":"info","ts":1583872996.1239216,"logger":"fallback-logger","caller":"bash/main.go:64","msg":"Successfully executed command \"sh -c mkdir -p /workspace/source\"; output "}

Showing logs for build [32mcb-kubecd-environment-pr-178-5-7m6vn-1[0m stage [32mfrom-build-pack[0m and container [32mstep-place-tools[0m

Showing logs for build [32mcb-kubecd-environment-pr-178-5-7m6vn-1[0m stage [32mfrom-build-pack[0m and container [32mstep-git-source-cb-kubecd-environment-pr-178-5-7m6vn-smrp2[0m
{"level":"warn","ts":1583872999.1728568,"logger":"fallback-logger","caller":"logging/config.go:69","msg":"Fetch GitHub commit ID from kodata failed: \"ref: refs/heads/0.8.0-**-support-backwards-incompats\" is not a valid GitHub commit ID"}
{"level":"info","ts":1583873000.2901678,"logger":"fallback-logger","caller":"git/git.go:103","msg":"Successfully cloned https://github.com/cb-kubecd/environment-pr-178-5-boot-gke-production.git @ master in path /workspace/source"}

Showing logs for build [32mcb-kubecd-environment-pr-178-5-7m6vn-1[0m stage [32mfrom-build-pack[0m and container [32mstep-git-merge[0m
Using SHAs from PULL_REFS=master:525ef55236575a4cca3c55d231c1168748698c2a,1:75b79de205ff6c18f41186dee96068331cbd3e1f
DEBUG: LC_ALL=C JX_LOG_LEVEL=error git fetch origin --unshallow 75b79de205ff6c18f41186dee96068331cbd3e1f: 525ef55236575a4cca3c55d231c1168748698c2a:
DEBUG: ran git fetch --unshallow origin 75b79de205ff6c18f41186dee96068331cbd3e1f: 525ef55236575a4cca3c55d231c1168748698c2a: in 
DEBUG: LC_ALL=C JX_LOG_LEVEL=error git branch
DEBUG: LC_ALL=C JX_LOG_LEVEL=error git checkout master
DEBUG: ran git checkout master in 
DEBUG: LC_ALL=C JX_LOG_LEVEL=error git reset --hard 525ef55236575a4cca3c55d231c1168748698c2a
DEBUG: ran git reset --hard 525ef55236575a4cca3c55d231c1168748698c2a in 
DEBUG: LC_ALL=C JX_LOG_LEVEL=error git clean -fd .
DEBUG: ran clean --force -d . in 
DEBUG: LC_ALL=C JX_LOG_LEVEL=error git merge 75b79de205ff6c18f41186dee96068331cbd3e1f
DEBUG: ran git merge 75b79de205ff6c18f41186dee96068331cbd3e1f in 
DEBUG: LC_ALL=C JX_LOG_LEVEL=error git log --format=%H%x1f%an%x1f%ae%x1f%cn%x1f%ce%x1f%s%n%b%x1e 525ef55236575a4cca3c55d231c1168748698c2a..HEAD
Merged SHA 75b79de205ff6c18f41186dee96068331cbd3e1f with commit message 'chore: Promote bdd-spring-1583872137 to version 0.0.1' into base branch master

Showing logs for build [32mcb-kubecd-environment-pr-178-5-7m6vn-1[0m stage [32mfrom-build-pack[0m and container [32mstep-build-helm-build[0m
WARNING: No $CHART_REPOSITORY defined so using the default value of: http://jenkins-x-chartmuseum:8080
Adding missing Helm repo: storage.googleapis.com https://storage.googleapis.com/chartmuseum.jenkins-x.io
WARNING: No secrets found on "helm/repos" due: reading the secret "helm/repos" from vault: no secret "helm/repos" not found in vault
Read credentials for https://storage.googleapis.com/chartmuseum.jenkins-x.io from vault helm/repos
Successfully added Helm repository storage.googleapis.com.
Adding missing Helm repo: jenkins-x-chartmuseum http://jenkins-x-chartmuseum:8080
WARNING: No secrets found on "helm/repos" due: reading the secret "helm/repos" from vault: no secret "helm/repos" not found in vault
Read credentials for http://jenkins-x-chartmuseum:8080 from vault helm/repos
Successfully added Helm repository jenkins-x-chartmuseum.
WARNING: No $CHART_REPOSITORY defined so using the default value of: http://jenkins-x-chartmuseum:8080
Adding missing Helm repo: chartmuseum.jenkins-x.io http://chartmuseum.jenkins-x.io
WARNING: No secrets found on "helm/repos" due: reading the secret "helm/repos" from vault: no secret "helm/repos" not found in vault
Read credentials for http://chartmuseum.jenkins-x.io from vault helm/repos
Successfully added Helm repository chartmuseum.jenkins-x.io.
